<?xml version="1.0" encoding="UTF-8"?>
<testng-results ignored="0" total="1" passed="1" failed="0" skipped="0">
  <reporter-output>
  </reporter-output>
  <suite started-at="2022-07-23T21:49:50 IST" name="Default suite" finished-at="2022-07-23T21:50:18 IST" duration-ms="27207">
    <groups>
    </groups>
    <test started-at="2022-07-23T21:49:50 IST" name="Default test" finished-at="2022-07-23T21:50:18 IST" duration-ms="27207">
      <class name="com.qualitydevotee.test.AccuWeatherTest">
        <test-method is-config="true" signature="beforeClass()[pri:0, instance:com.qualitydevotee.test.AccuWeatherTest@663c9e7a]" started-at="2022-07-23T21:49:50 IST" name="beforeClass" finished-at="2022-07-23T21:49:58 IST" duration-ms="7525" status="PASS">
          <reporter-output>
          </reporter-output>
        </test-method> <!-- beforeClass -->
        <test-method is-config="true" signature="beforeMethod()[pri:0, instance:com.qualitydevotee.test.AccuWeatherTest@663c9e7a]" started-at="2022-07-23T21:49:58 IST" name="beforeMethod" finished-at="2022-07-23T21:50:04 IST" duration-ms="5875" status="PASS">
          <reporter-output>
          </reporter-output>
        </test-method> <!-- beforeMethod -->
        <test-method signature="testWeatherOfCity()[pri:0, instance:com.qualitydevotee.test.AccuWeatherTest@663c9e7a]" started-at="2022-07-23T21:50:04 IST" name="testWeatherOfCity" finished-at="2022-07-23T21:50:17 IST" duration-ms="13128" status="PASS">
          <reporter-output>
          </reporter-output>
        </test-method> <!-- testWeatherOfCity -->
        <test-method is-config="true" signature="afterClass()[pri:0, instance:com.qualitydevotee.test.AccuWeatherTest@663c9e7a]" started-at="2022-07-23T21:50:17 IST" name="afterClass" finished-at="2022-07-23T21:50:18 IST" duration-ms="542" status="PASS">
          <reporter-output>
          </reporter-output>
        </test-method> <!-- afterClass -->
      </class> <!-- com.qualitydevotee.test.AccuWeatherTest -->
    </test> <!-- Default test -->
  </suite> <!-- Default suite -->
</testng-results>
